# JRE version: Java(TM) SE Runtime Environment (8.0_151-b12) (build 1.8.0_151-b12)
# Java VM: Java HotSpot(TM) 64-Bit Server VM (25.151-b12 mixed mode windows-amd64 compressed oops)
Heap:
 PSYoungGen      total 125952K, used 74432K [0x00000000d5580000, 0x00000000e2180000, 0x0000000100000000)
  eden space 116736K, 55% used [0x00000000d5580000,0x00000000d95366d8,0x00000000dc780000)
  from space 9216K, 99% used [0x00000000dc780000,0x00000000dd079ca8,0x00000000dd080000)
  to   space 12800K, 0% used [0x00000000e1500000,0x00000000e1500000,0x00000000e2180000)
 ParOldGen       total 38400K, used 21547K [0x0000000080000000, 0x0000000082580000, 0x00000000d5580000)
  object space 38400K, 56% used [0x0000000080000000,0x000000008150adf8,0x0000000082580000)
 Metaspace       used 50284K, capacity 51940K, committed 52272K, reserved 1093632K
  class space    used 6933K, capacity 7373K, committed 7472K, reserved 1048576K
GC Heap History (10 events):
Event: 47.729 GC heap before
{Heap before GC invocations=13 (full 1):
 PSYoungGen      total 55296K, used 53826K [0x00000000d5580000, 0x00000000dab00000, 0x0000000100000000)
  eden space 49152K, 100% used [0x00000000d5580000,0x00000000d8580000,0x00000000d8580000)
  from space 6144K, 76% used [0x00000000d8580000,0x00000000d8a10a78,0x00000000d8b80000)
  to   space 6144K, 0% used [0x00000000da500000,0x00000000da500000,0x00000000dab00000)
 ParOldGen       total 29184K, used 10201K [0x0000000080000000, 0x0000000081c80000, 0x00000000d5580000)
  object space 29184K, 34% used [0x0000000080000000,0x00000000809f67e8,0x0000000081c80000)
 Metaspace       used 34333K, capacity 35194K, committed 35376K, reserved 1079296K
  class space    used 4843K, capacity 5155K, committed 5168K, reserved 1048576K
Event: 47.756 GC heap after
Heap after GC invocations=13 (full 1):
 PSYoungGen      total 79872K, used 6132K [0x00000000d5580000, 0x00000000dad80000, 0x0000000100000000)
  eden space 73728K, 0% used [0x00000000d5580000,0x00000000d5580000,0x00000000d9d80000)
  from space 6144K, 99% used [0x00000000da500000,0x00000000daafd1e8,0x00000000dab00000)
  to   space 7680K, 0% used [0x00000000d9d80000,0x00000000d9d80000,0x00000000da500000)
 ParOldGen       total 29184K, used 13029K [0x0000000080000000, 0x0000000081c80000, 0x00000000d5580000)
  object space 29184K, 44% used [0x0000000080000000,0x0000000080cb9740,0x0000000081c80000)
 Metaspace       used 34333K, capacity 35194K, committed 35376K, reserved 1079296K
  class space    used 4843K, capacity 5155K, committed 5168K, reserved 1048576K
}
Event: 47.776 GC heap before
{Heap before GC invocations=14 (full 1):
 PSYoungGen      total 79872K, used 7540K [0x00000000d5580000, 0x00000000dad80000, 0x0000000100000000)
  eden space 73728K, 1% used [0x00000000d5580000,0x00000000d56e01b0,0x00000000d9d80000)
  from space 6144K, 99% used [0x00000000da500000,0x00000000daafd1e8,0x00000000dab00000)
  to   space 7680K, 0% used [0x00000000d9d80000,0x00000000d9d80000,0x00000000da500000)
 ParOldGen       total 29184K, used 13029K [0x0000000080000000, 0x0000000081c80000, 0x00000000d5580000)
  object space 29184K, 44% used [0x0000000080000000,0x0000000080cb9740,0x0000000081c80000)
 Metaspace       used 34533K, capacity 35386K, committed 35496K, reserved 1079296K
  class space    used 4858K, capacity 5155K, committed 5168K, reserved 1048576K
Event: 47.789 GC heap after
Heap after GC invocations=14 (full 1):
 PSYoungGen      total 81408K, used 218K [0x00000000d5580000, 0x00000000dd880000, 0x0000000100000000)
  eden space 73728K, 0% used [0x00000000d5580000,0x00000000d5580000,0x00000000d9d80000)
  from space 7680K, 2% used [0x00000000d9d80000,0x00000000d9db6988,0x00000000da500000)
  to   space 8192K, 0% used [0x00000000dd080000,0x00000000dd080000,0x00000000dd880000)
 ParOldGen       total 29184K, used 16544K [0x0000000080000000, 0x0000000081c80000, 0x00000000d5580000)
  object space 29184K, 56% used [0x0000000080000000,0x00000000810281d8,0x0000000081c80000)
 Metaspace       used 34533K, capacity 35386K, committed 35496K, reserved 1079296K
  class space    used 4858K, capacity 5155K, committed 5168K, reserved 1048576K
}
Event: 47.789 GC heap before
{Heap before GC invocations=15 (full 2):
 PSYoungGen      total 81408K, used 218K [0x00000000d5580000, 0x00000000dd880000, 0x0000000100000000)
  eden space 73728K, 0% used [0x00000000d5580000,0x00000000d5580000,0x00000000d9d80000)
  from space 7680K, 2% used [0x00000000d9d80000,0x00000000d9db6988,0x00000000da500000)
  to   space 8192K, 0% used [0x00000000dd080000,0x00000000dd080000,0x00000000dd880000)
 ParOldGen       total 29184K, used 16544K [0x0000000080000000, 0x0000000081c80000, 0x00000000d5580000)
  object space 29184K, 56% used [0x0000000080000000,0x00000000810281d8,0x0000000081c80000)
 Metaspace       used 34533K, capacity 35386K, committed 35496K, reserved 1079296K
  class space    used 4858K, capacity 5155K, committed 5168K, reserved 1048576K
Event: 47.891 GC heap after
Heap after GC invocations=15 (full 2):
 PSYoungGen      total 81408K, used 0K [0x00000000d5580000, 0x00000000dd880000, 0x0000000100000000)
  eden space 73728K, 0% used [0x00000000d5580000,0x00000000d5580000,0x00000000d9d80000)
  from space 7680K, 0% used [0x00000000d9d80000,0x00000000d9d80000,0x00000000da500000)
  to   space 8192K, 0% used [0x00000000dd080000,0x00000000dd080000,0x00000000dd880000)
 ParOldGen       total 38400K, used 14787K [0x0000000080000000, 0x0000000082580000, 0x00000000d5580000)
  object space 38400K, 38% used [0x0000000080000000,0x0000000080e70e70,0x0000000082580000)
 Metaspace       used 34533K, capacity 35386K, committed 35496K, reserved 1079296K
  class space    used 4858K, capacity 5155K, committed 5168K, reserved 1048576K
}
Event: 49.422 GC heap before
{Heap before GC invocations=16 (full 2):
 PSYoungGen      total 81408K, used 73728K [0x00000000d5580000, 0x00000000dd880000, 0x0000000100000000)
  eden space 73728K, 100% used [0x00000000d5580000,0x00000000d9d80000,0x00000000d9d80000)
  from space 7680K, 0% used [0x00000000d9d80000,0x00000000d9d80000,0x00000000da500000)
  to   space 8192K, 0% used [0x00000000dd080000,0x00000000dd080000,0x00000000dd880000)
 ParOldGen       total 38400K, used 14787K [0x0000000080000000, 0x0000000082580000, 0x00000000d5580000)
  object space 38400K, 38% used [0x0000000080000000,0x0000000080e70e70,0x0000000082580000)
 Metaspace       used 39231K, capacity 40128K, committed 40368K, reserved 1083392K
  class space    used 5414K, capacity 5700K, committed 5808K, reserved 1048576K
Event: 49.442 GC heap after
Heap after GC invocations=16 (full 2):
 PSYoungGen      total 124928K, used 8120K [0x00000000d5580000, 0x00000000dd980000, 0x0000000100000000)
  eden space 116736K, 0% used [0x00000000d5580000,0x00000000d5580000,0x00000000dc780000)
  from space 8192K, 99% used [0x00000000dd080000,0x00000000dd86e240,0x00000000dd880000)
  to   space 9216K, 0% used [0x00000000dc780000,0x00000000dc780000,0x00000000dd080000)
 ParOldGen       total 38400K, used 14795K [0x0000000080000000, 0x0000000082580000, 0x00000000d5580000)
  object space 38400K, 38% used [0x0000000080000000,0x0000000080e72e70,0x0000000082580000)
 Metaspace       used 39231K, capacity 40128K, committed 40368K, reserved 1083392K
  class space    used 5414K, capacity 5700K, committed 5808K, reserved 1048576K
}
Event: 52.569 GC heap before
{Heap before GC invocations=17 (full 2):
 PSYoungGen      total 124928K, used 124856K [0x00000000d5580000, 0x00000000dd980000, 0x0000000100000000)
  eden space 116736K, 100% used [0x00000000d5580000,0x00000000dc780000,0x00000000dc780000)
  from space 8192K, 99% used [0x00000000dd080000,0x00000000dd86e240,0x00000000dd880000)
  to   space 9216K, 0% used [0x00000000dc780000,0x00000000dc780000,0x00000000dd080000)
 ParOldGen       total 38400K, used 14795K [0x0000000080000000, 0x0000000082580000, 0x00000000d5580000)
  object space 38400K, 38% used [0x0000000080000000,0x0000000080e72e70,0x0000000082580000)
 Metaspace       used 47135K, capacity 48318K, committed 48688K, reserved 1091584K
  class space    used 6506K, capacity 6838K, committed 6960K, reserved 1048576K
Event: 52.596 GC heap after
Heap after GC invocations=17 (full 2):
 PSYoungGen      total 125952K, used 9191K [0x00000000d5580000, 0x00000000e2180000, 0x0000000100000000)
  eden space 116736K, 0% used [0x00000000d5580000,0x00000000d5580000,0x00000000dc780000)
  from space 9216K, 99% used [0x00000000dc780000,0x00000000dd079ca8,0x00000000dd080000)
  to   space 12800K, 0% used [0x00000000e1500000,0x00000000e1500000,0x00000000e2180000)
 ParOldGen       total 38400K, used 21547K [0x0000000080000000, 0x0000000082580000, 0x00000000d5580000)
  object space 38400K, 56% used [0x0000000080000000,0x000000008150adf8,0x0000000082580000)
 Metaspace       used 47135K, capacity 48318K, committed 48688K, reserved 1091584K
  class space    used 6506K, capacity 6838K, committed 6960K, reserved 1048576K
}

